<?xml version="1.0" encoding="utf-8"?><testsuites><testsuite name="pytest" errors="0" failures="0" skipped="0" tests="5" time="2.984" timestamp="2024-07-12T16:58:47.502299" hostname="raspberrypi"><testcase classname="test_main.TestTelegramBotFunctions" name="test_add_budget_to_airtable" time="0.012" /><testcase classname="test_main.TestTelegramBotFunctions" name="test_add_expense_to_airtable" time="0.007" /><testcase classname="test_main.TestTelegramBotFunctions" name="test_environment_variables" time="0.003" /><testcase classname="test_main.TestTelegramBotFunctions" name="test_get_budget_from_airtable" time="0.006" /><testcase classname="test_main.TestTelegramBotFunctions" name="test_update_budget_in_airtable" time="0.007" /></testsuite></testsuites>